<?xml version="1.0" encoding="UTF-8"?>
<testsuite xmlns:xsi="http://www.w3.org/2001/XMLSchema-instance" xsi:noNamespaceSchemaLocation="https://maven.apache.org/surefire/maven-surefire-plugin/xsd/surefire-test-report.xsd" name="com.mulesoft.training.HelloMavenTest" time="7.233" tests="2" errors="1" skipped="0" failures="0">
  <properties>
[...]
</properties>
  <testcase name="mavenFlowReturnsHelloMaven" classname="com.mulesoft.training.HelloMavenTest" time="5.598"/>
  <testcase name="retrieveFlightsAddsAppropriateHeader" classname="com.mulesoft.training.HelloMavenTest" time="1.128">
    <error type="java.lang.NullPointerException">java.lang.NullPointerException
	at com.mulesoft.training.HelloMavenTest.retrieveFlightsAddsAppropriateHeader(HelloMavenTest.java:23)
</error>
    <system-out><![CDATA[
================================================================================
= Testing: retrieveFlightsAddsAppropriateHeader                                =
================================================================================
INFO  2017-10-03 09:49:16,572 [Time-limited test] org.mule.tck.junit4.AbstractMuleContextTestCase: Using working directory for test: /var/folders/k5/ly3yg2cn4sq3l_vg_cj7g7q80000gq/T/junit2989597572506388158
INFO  2017-10-03 09:49:16,576 [Time-limited test] org.mule.lifecycle.AbstractLifecycleManager: Initialising RegistryBroker
INFO  2017-10-03 09:49:16,580 [Time-limited test] org.mule.config.spring.MuleArtifactContext: Refreshing org.mule.config.spring.MuleArtifactContext@499274eb: startup date [Tue Oct 03 09:49:16 CEST 2017]; root of context hierarchy
INFO  2017-10-03 09:49:16,813 [Time-limited test] org.mule.config.spring.processors.NoDevkitInjectorProcessor: JSR-330 'javax.inject.Inject' annotation found and supported for autowiring
WARN  2017-10-03 09:49:16,831 [Time-limited test] org.mule.expression.DefaultExpressionManager: Expression string is not an expression.  Use isExpression(String) to validate first
WARN  2017-10-03 09:49:16,831 [Time-limited test] org.mule.expression.DefaultExpressionManager: Expression string is not an expression.  Use isExpression(String) to validate first
INFO  2017-10-03 09:49:16,935 [Time-limited test] org.mule.util.journal.TransactionJournal: Using files for tx logs /private/var/folders/k5/ly3yg2cn4sq3l_vg_cj7g7q80000gq/T/junit2989597572506388158/queue-tx-log/tx1.log and /private/var/folders/k5/ly3yg2cn4sq3l_vg_cj7g7q80000gq/T/junit2989597572506388158/queue-tx-log/tx2.log
INFO  2017-10-03 09:49:16,936 [Time-limited test] org.mule.util.journal.TransactionJournal: Using files for tx logs /private/var/folders/k5/ly3yg2cn4sq3l_vg_cj7g7q80000gq/T/junit2989597572506388158/queue-xa-tx-log/tx1.log and /private/var/folders/k5/ly3yg2cn4sq3l_vg_cj7g7q80000gq/T/junit2989597572506388158/queue-xa-tx-log/tx2.log
INFO  2017-10-03 09:49:16,937 [Time-limited test] org.mule.lifecycle.AbstractLifecycleManager: Initialising connector: Active_MQ
INFO  2017-10-03 09:49:16,951 [Time-limited test] org.mule.lifecycle.AbstractLifecycleManager: Initialising model: _muleSystemModel
INFO  2017-10-03 09:49:16,953 [Time-limited test] org.mule.construct.FlowConstructLifecycleManager: Initialising flow: mavenFlow
INFO  2017-10-03 09:49:16,953 [Time-limited test] org.mule.exception.DefaultMessagingExceptionStrategy: Initialising exception listener: org.mule.exception.DefaultMessagingExceptionStrategy@34effe7c
INFO  2017-10-03 09:49:16,955 [Time-limited test] org.mule.processor.SedaStageLifecycleManager: Initialising service: mavenFlow.stage1
INFO  2017-10-03 09:49:16,956 [Time-limited test] org.mule.construct.FlowConstructLifecycleManager: Initialising flow: retreiveFlightsFlow
INFO  2017-10-03 09:49:16,956 [Time-limited test] org.mule.exception.DefaultMessagingExceptionStrategy: Initialising exception listener: org.mule.exception.DefaultMessagingExceptionStrategy@56cc7c1c
INFO  2017-10-03 09:49:16,959 [Time-limited test] org.mule.processor.SedaStageLifecycleManager: Initialising service: retreiveFlightsFlow.stage1
INFO  2017-10-03 09:49:16,960 [Time-limited test] org.mule.construct.FlowConstructLifecycleManager: Initialising flow: logFlights
INFO  2017-10-03 09:49:16,960 [Time-limited test] org.mule.exception.DefaultMessagingExceptionStrategy: Initialising exception listener: org.mule.exception.DefaultMessagingExceptionStrategy@6e38d5d8
INFO  2017-10-03 09:49:16,962 [Time-limited test] org.mule.processor.SedaStageLifecycleManager: Initialising service: logFlights.stage1
INFO  2017-10-03 09:49:17,000 [Time-limited test] org.mule.config.spring.SpringXmlConfigurationBuilder: Configured Mule using "org.mule.config.spring.SpringXmlConfigurationBuilder" with configuration resource(s): "[ConfigResource{resourceName='maven-project.xml'}]"
INFO  2017-10-03 09:49:17,002 [Time-limited test] org.mule.util.queue.QueueXaResourceManager: Starting ResourceManager
INFO  2017-10-03 09:49:17,002 [Time-limited test] org.mule.util.queue.QueueXaResourceManager: Started ResourceManager
INFO  2017-10-03 09:49:17,009 [Time-limited test] org.mule.module.http.internal.listener.DefaultHttpListenerConfig: Listening for requests on http://0.0.0.0:8081
WARN  2017-10-03 09:49:17,022 [Time-limited test] org.apache.activemq.broker.BrokerService: Store limit is 102400 mb (current store usage is 0 mb). The data directory: /Users/maxgolov/work/studio/APAdvance_20171002/maven-project/activemq-data/localhost/KahaDB only has 97388 mb of usable space. - resetting to maximum available disk space: 97388 mb
INFO  2017-10-03 09:49:17,028 [Time-limited test] org.mule.transport.jms.activemq.ActiveMQJmsConnector: Connected: ActiveMQJmsConnector
{
  name=Active_MQ
  lifecycle=initialise
  this=5fae128d
  numberOfConcurrentTransactedReceivers=4
  createMultipleTransactedReceivers=true
  connected=true
  supportedProtocols=[jms]
  serviceOverrides=<none>
}

INFO  2017-10-03 09:49:17,028 [Time-limited test] org.mule.transport.jms.activemq.ActiveMQJmsConnector: Starting: ActiveMQJmsConnector
{
  name=Active_MQ
  lifecycle=initialise
  this=5fae128d
  numberOfConcurrentTransactedReceivers=4
  createMultipleTransactedReceivers=true
  connected=true
  supportedProtocols=[jms]
  serviceOverrides=<none>
}

INFO  2017-10-03 09:49:17,028 [Time-limited test] org.mule.lifecycle.AbstractLifecycleManager: Starting connector: Active_MQ
INFO  2017-10-03 09:49:17,030 [Time-limited test] org.mule.lifecycle.AbstractLifecycleManager: Starting model: _muleSystemModel
INFO  2017-10-03 09:49:17,030 [Time-limited test] org.mule.construct.FlowConstructLifecycleManager: Starting flow: mavenFlow
INFO  2017-10-03 09:49:17,030 [Time-limited test] org.mule.processor.SedaStageLifecycleManager: Starting service: mavenFlow.stage1
INFO  2017-10-03 09:49:17,032 [Time-limited test] org.mule.construct.FlowConstructLifecycleManager: Starting flow: retreiveFlightsFlow
INFO  2017-10-03 09:49:17,032 [Time-limited test] org.mule.processor.SedaStageLifecycleManager: Starting service: retreiveFlightsFlow.stage1
INFO  2017-10-03 09:49:17,034 [Time-limited test] org.mule.construct.FlowConstructLifecycleManager: Starting flow: logFlights
INFO  2017-10-03 09:49:17,034 [Time-limited test] org.mule.processor.SedaStageLifecycleManager: Starting service: logFlights.stage1
INFO  2017-10-03 09:49:17,041 [Time-limited test] org.mule.transport.jms.activemq.ActiveMQJmsConnector: Registering listener: logFlights on endpointUri: jms://flights
INFO  2017-10-03 09:49:17,041 [Time-limited test] org.mule.transport.service.DefaultTransportServiceDescriptor: Loading default inbound transformer: org.mule.transport.jms.transformers.JMSMessageToObject
INFO  2017-10-03 09:49:17,041 [Time-limited test] org.mule.transport.service.DefaultTransportServiceDescriptor: Loading default response transformer: org.mule.transport.jms.transformers.ObjectToJMSMessage
INFO  2017-10-03 09:49:17,042 [Time-limited test] org.mule.lifecycle.AbstractLifecycleManager: Initialising: 'null'. Object is: MultiConsumerJmsMessageReceiver
INFO  2017-10-03 09:49:17,042 [Time-limited test] org.mule.transport.jms.MultiConsumerJmsMessageReceiver: Connecting clusterizable message receiver
INFO  2017-10-03 09:49:17,047 [Time-limited test] org.mule.transport.jms.MultiConsumerJmsMessageReceiver: Endpoint jms://flights has been successfully reconnected.
INFO  2017-10-03 09:49:17,047 [Time-limited test] org.mule.lifecycle.AbstractLifecycleManager: Starting: 'null'. Object is: MultiConsumerJmsMessageReceiver
INFO  2017-10-03 09:49:17,047 [Time-limited test] org.mule.transport.jms.MultiConsumerJmsMessageReceiver: Starting clusterizable message receiver
INFO  2017-10-03 09:49:17,049 [Time-limited test] org.mule.DefaultMuleContext: 
**********************************************************************
* Mule Runtime and Integration Platform                              *
* Version: 3.8.5 Build: 92091ca2                                     *
* MuleSoft, Inc.                                                     *
* For more information go to http://www.mulesoft.org                 *
*                                                                    *
* Server started: 10/3/17 9:49 AM                                    *
* Server ID: 5b2cadc0-a80f-11e7-94ed-000c6c07b409                    *
* JDK: 1.8.0_131 (mixed mode)                                        *
* OS encoding: UTF-8, Mule encoding: UTF-8                           *
* OS: Mac OS X (10.12.6, x86_64)                                     *
* Host: AMS-MGOLOV-OSX (192.168.0.122)                               *
*                                                                    *
* Agents Running: None                                               *
**********************************************************************
WARN  2017-10-03 09:49:17,049 [Time-limited test] org.mule.model.seda.SedaModel: The <model> element is deprecated in Mule 3.4 and will be removed in Mule 4.0.  Flows do not need to be configured inside a <model> element. 
INFO  2017-10-03 09:49:17,049 [Time-limited test] org.mule.lifecycle.AbstractLifecycleManager: Initialising model: main
INFO  2017-10-03 09:49:17,049 [Time-limited test] org.mule.lifecycle.AbstractLifecycleManager: Starting model: main
WARN  2017-10-03 09:49:17,050 [Time-limited test] org.mule.model.seda.SedaService: Services (SedaService or any custom implementation) are deprecated in Mule 3.4 and will be removed in Mule 4.0. 
INFO  2017-10-03 09:49:17,050 [Time-limited test] org.mule.service.ServiceLifecycleManager: Initialising service: appleService
INFO  2017-10-03 09:49:17,052 [Time-limited test] org.mule.exception.DefaultMessagingExceptionStrategy: Initialising exception listener: org.mule.exception.DefaultMessagingExceptionStrategy@24b54089
INFO  2017-10-03 09:49:17,052 [Time-limited test] org.mule.component.ComponentLifecycleManager: Initialising component: component.2038315206
INFO  2017-10-03 09:49:17,052 [Time-limited test] org.mule.processor.SedaStageLifecycleManager: Initialising service: appleService
INFO  2017-10-03 09:49:17,052 [Time-limited test] org.mule.service.ServiceLifecycleManager: Starting service: appleService
INFO  2017-10-03 09:49:17,052 [Time-limited test] org.mule.component.ComponentLifecycleManager: Starting component: component.2038315206
INFO  2017-10-03 09:49:17,053 [Time-limited test] org.mule.processor.SedaStageLifecycleManager: Starting service: appleService
INFO  2017-10-03 09:49:17,055 [Time-limited test] org.mule.lifecycle.AbstractLifecycleManager: Initialising connector: testConnector
INFO  2017-10-03 09:49:17,063 [Time-limited test] org.mule.tck.testmodels.mule.TestConnector: Connected: TestConnector
{
  name=testConnector
  lifecycle=initialise
  this=1d3d4e9e
  numberOfConcurrentTransactedReceivers=4
  createMultipleTransactedReceivers=true
  connected=true
  supportedProtocols=[test]
  serviceOverrides=<none>
}

INFO  2017-10-03 09:49:17,063 [Time-limited test] org.mule.tck.testmodels.mule.TestConnector: Starting: TestConnector
{
  name=testConnector
  lifecycle=initialise
  this=1d3d4e9e
  numberOfConcurrentTransactedReceivers=4
  createMultipleTransactedReceivers=true
  connected=true
  supportedProtocols=[test]
  serviceOverrides=<none>
}

INFO  2017-10-03 09:49:17,063 [Time-limited test] org.mule.lifecycle.AbstractLifecycleManager: Starting connector: testConnector
INFO  2017-10-03 09:49:17,065 [Time-limited test] org.mule.construct.FlowConstructLifecycleManager: Stopping flow: mavenFlow
INFO  2017-10-03 09:49:17,065 [Time-limited test] org.mule.processor.SedaStageLifecycleManager: Stopping service: mavenFlow.stage1
INFO  2017-10-03 09:49:17,234 [Time-limited test] org.mule.construct.FlowConstructLifecycleManager: Stopping flow: retreiveFlightsFlow
INFO  2017-10-03 09:49:17,234 [Time-limited test] org.mule.processor.SedaStageLifecycleManager: Stopping service: retreiveFlightsFlow.stage1
INFO  2017-10-03 09:49:17,239 [Time-limited test] org.mule.construct.FlowConstructLifecycleManager: Stopping flow: logFlights
INFO  2017-10-03 09:49:17,239 [Time-limited test] org.mule.transport.jms.activemq.ActiveMQJmsConnector: Removing listener on endpointUri: jms://flights
INFO  2017-10-03 09:49:17,239 [Time-limited test] org.mule.lifecycle.AbstractLifecycleManager: Stopping: 'null'. Object is: MultiConsumerJmsMessageReceiver
INFO  2017-10-03 09:49:17,239 [Time-limited test] org.mule.lifecycle.AbstractLifecycleManager: Disposing: 'null'. Object is: MultiConsumerJmsMessageReceiver
INFO  2017-10-03 09:49:17,240 [Time-limited test] org.mule.processor.SedaStageLifecycleManager: Stopping service: logFlights.stage1
INFO  2017-10-03 09:49:17,443 [Time-limited test] org.mule.service.ServiceLifecycleManager: Stopping service: appleService
INFO  2017-10-03 09:49:17,443 [Time-limited test] org.mule.processor.SedaStageLifecycleManager: Stopping service: appleService
INFO  2017-10-03 09:49:17,459 [Time-limited test] org.mule.component.ComponentLifecycleManager: Stopping component: component.2038315206
INFO  2017-10-03 09:49:17,460 [Time-limited test] org.mule.lifecycle.AbstractLifecycleManager: Stopping model: _muleSystemModel
INFO  2017-10-03 09:49:17,461 [Time-limited test] org.mule.lifecycle.AbstractLifecycleManager: Stopping connector: Active_MQ
INFO  2017-10-03 09:49:17,462 [Time-limited test] org.mule.module.http.internal.listener.DefaultHttpListenerConfig: Stopped listener on http://0.0.0.0:8081
INFO  2017-10-03 09:49:17,463 [Time-limited test] org.mule.util.queue.QueueXaResourceManager: Stopping ResourceManager
INFO  2017-10-03 09:49:17,463 [Time-limited test] org.mule.util.queue.QueueXaResourceManager: Stopped ResourceManager
INFO  2017-10-03 09:49:17,464 [Time-limited test] org.mule.lifecycle.AbstractLifecycleManager: Disposing RegistryBroker
INFO  2017-10-03 09:49:17,464 [Time-limited test] org.mule.construct.FlowConstructLifecycleManager: Disposing flow: mavenFlow
INFO  2017-10-03 09:49:17,464 [Time-limited test] org.mule.processor.SedaStageLifecycleManager: Disposing service: mavenFlow.stage1
INFO  2017-10-03 09:49:17,464 [Time-limited test] org.mule.construct.FlowConstructLifecycleManager: Disposing flow: retreiveFlightsFlow
INFO  2017-10-03 09:49:17,464 [Time-limited test] org.mule.processor.SedaStageLifecycleManager: Disposing service: retreiveFlightsFlow.stage1
INFO  2017-10-03 09:49:17,464 [Time-limited test] org.mule.construct.FlowConstructLifecycleManager: Disposing flow: logFlights
INFO  2017-10-03 09:49:17,464 [Time-limited test] org.mule.processor.SedaStageLifecycleManager: Disposing service: logFlights.stage1
INFO  2017-10-03 09:49:17,465 [Time-limited test] org.mule.service.ServiceLifecycleManager: Disposing service: appleService
INFO  2017-10-03 09:49:17,465 [Time-limited test] org.mule.component.ComponentLifecycleManager: Disposing component: component.2038315206
INFO  2017-10-03 09:49:17,465 [Time-limited test] org.mule.processor.SedaStageLifecycleManager: Disposing service: appleService
INFO  2017-10-03 09:49:17,466 [Time-limited test] org.mule.lifecycle.AbstractLifecycleManager: Disposing model: _muleSystemModel
INFO  2017-10-03 09:49:17,474 [Time-limited test] org.mule.transport.jms.activemq.ActiveMQJmsConnector: Disconnected: ActiveMQJmsConnector
{
  name=Active_MQ
  lifecycle=stop
  this=5fae128d
  numberOfConcurrentTransactedReceivers=4
  createMultipleTransactedReceivers=true
  connected=true
  supportedProtocols=[jms]
  serviceOverrides=<none>
}

INFO  2017-10-03 09:49:17,475 [Time-limited test] org.mule.lifecycle.AbstractLifecycleManager: Disposing connector: Active_MQ
INFO  2017-10-03 09:49:17,490 [Time-limited test] org.mule.config.spring.MuleArtifactContext: Closing org.mule.config.spring.MuleArtifactContext@499274eb: startup date [Tue Oct 03 09:49:16 CEST 2017]; root of context hierarchy
INFO  2017-10-03 09:49:17,680 [Time-limited test] org.mule.DefaultMuleContext: 
**********************************************************************
* Mule Context shut down normally on: 10/3/17 9:49 AM                *
* Server was up for: 0 days, 0 hours, 0 mins, 0.679 sec              *
**********************************************************************
]]></system-out>
  </testcase>
</testsuite>